2023-03-27T00:37:19.523+05:30  INFO 77978 --- [main] .d.S.SpringBootBackendServiceApplication : Starting SpringBootBackendServiceApplication using Java 19.0.2 with PID 77978 (/Users/tusharanand/MyProjects/SpringBoot_BackendService/target/classes started by tusharanand in /Users/tusharanand/MyProjects/SpringBoot_BackendService)
2023-03-27T00:37:19.532+05:30  INFO 77978 --- [main] .d.S.SpringBootBackendServiceApplication : No active profile set, falling back to 1 default profile: "default"
2023-03-27T00:37:20.365+05:30  INFO 77978 --- [main] .s.d.r.c.RepositoryConfigurationDelegate : Bootstrapping Spring Data JPA repositories in DEFAULT mode.
2023-03-27T00:37:20.417+05:30  INFO 77978 --- [main] .s.d.r.c.RepositoryConfigurationDelegate : Finished Spring Data repository scanning in 43 ms. Found 1 JPA repository interfaces.
2023-03-27T00:37:21.083+05:30  INFO 77978 --- [main] o.s.b.w.embedded.tomcat.TomcatWebServer  : Tomcat initialized with port(s): 8080 (http)
2023-03-27T00:37:21.092+05:30  INFO 77978 --- [main] o.apache.catalina.core.StandardService   : Starting service [Tomcat]
2023-03-27T00:37:21.093+05:30  INFO 77978 --- [main] o.apache.catalina.core.StandardEngine    : Starting Servlet engine: [Apache Tomcat/10.1.7]
2023-03-27T00:37:21.167+05:30  INFO 77978 --- [main] o.a.c.c.C.[Tomcat].[localhost].[/]       : Initializing Spring embedded WebApplicationContext
2023-03-27T00:37:21.167+05:30  INFO 77978 --- [main] w.s.c.ServletWebServerApplicationContext : Root WebApplicationContext: initialization completed in 1577 ms
2023-03-27T00:37:21.362+05:30  INFO 77978 --- [main] o.hibernate.jpa.internal.util.LogHelper  : HHH000204: Processing PersistenceUnitInfo [name: default]
2023-03-27T00:37:21.417+05:30  INFO 77978 --- [main] org.hibernate.Version                    : HHH000412: Hibernate ORM core version 6.1.7.Final
2023-03-27T00:37:21.666+05:30  INFO 77978 --- [main] com.zaxxer.hikari.HikariDataSource       : HikariPool-1 - Starting...
2023-03-27T00:37:21.762+05:30  INFO 77978 --- [main] com.zaxxer.hikari.pool.HikariPool        : HikariPool-1 - Added connection org.postgresql.jdbc.PgConnection@71eff6a3
2023-03-27T00:37:21.763+05:30  INFO 77978 --- [main] com.zaxxer.hikari.HikariDataSource       : HikariPool-1 - Start completed.
2023-03-27T00:37:21.796+05:30  INFO 77978 --- [main] SQL dialect                              : HHH000400: Using dialect: org.hibernate.dialect.PostgreSQLDialect
2023-03-27T00:37:22.435+05:30  INFO 77978 --- [main] o.h.e.t.j.p.i.JtaPlatformInitiator       : HHH000490: Using JtaPlatform implementation: [org.hibernate.engine.transaction.jta.platform.internal.NoJtaPlatform]
2023-03-27T00:37:22.442+05:30  INFO 77978 --- [main] j.LocalContainerEntityManagerFactoryBean : Initialized JPA EntityManagerFactory for persistence unit 'default'
2023-03-27T00:37:22.724+05:30  WARN 77978 --- [main] JpaBaseConfiguration$JpaWebConfiguration : spring.jpa.open-in-view is enabled by default. Therefore, database queries may be performed during view rendering. Explicitly configure spring.jpa.open-in-view to disable this warning
2023-03-27T00:37:22.992+05:30  INFO 77978 --- [main] o.s.b.w.embedded.tomcat.TomcatWebServer  : Tomcat started on port(s): 8080 (http) with context path ''
2023-03-27T00:37:22.999+05:30  INFO 77978 --- [main] .d.S.SpringBootBackendServiceApplication : Started SpringBootBackendServiceApplication in 3.934 seconds (process running for 4.355)
2023-03-27T00:40:00.625+05:30  INFO 77978 --- [http-nio-8080-exec-1] o.a.c.c.C.[Tomcat].[localhost].[/]       : Initializing Spring DispatcherServlet 'dispatcherServlet'
2023-03-27T00:40:00.626+05:30  INFO 77978 --- [http-nio-8080-exec-1] o.s.web.servlet.DispatcherServlet        : Initializing Servlet 'dispatcherServlet'
2023-03-27T00:40:00.629+05:30  INFO 77978 --- [http-nio-8080-exec-1] o.s.web.servlet.DispatcherServlet        : Completed initialization in 3 ms
2023-03-27T00:40:00.769+05:30  INFO 77978 --- [http-nio-8080-exec-1] c.s.dev.controller.LibraryController     : Meesage
2023-03-27T00:40:00.846+05:30  INFO 77978 --- [http-nio-8080-exec-1] c.s.dev.controller.LibraryController     : Meesage
2023-03-27T00:40:09.225+05:30  INFO 77978 --- [http-nio-8080-exec-3] c.s.dev.controller.LibraryController     : Meesage
2023-03-27T00:40:09.227+05:30  INFO 77978 --- [http-nio-8080-exec-3] c.s.dev.controller.LibraryController     : Meesage
2023-03-27T00:40:16.033+05:30  INFO 77978 --- [http-nio-8080-exec-4] c.s.dev.controller.LibraryController     : Meesage
2023-03-27T00:40:16.035+05:30  INFO 77978 --- [http-nio-8080-exec-4] c.s.dev.controller.LibraryController     : Meesage
2023-03-27T00:40:42.175+05:30  INFO 77978 --- [SpringApplicationShutdownHook] j.LocalContainerEntityManagerFactoryBean : Closing JPA EntityManagerFactory for persistence unit 'default'
2023-03-27T00:40:42.177+05:30  INFO 77978 --- [SpringApplicationShutdownHook] com.zaxxer.hikari.HikariDataSource       : HikariPool-1 - Shutdown initiated...
2023-03-27T00:40:42.180+05:30  INFO 77978 --- [SpringApplicationShutdownHook] com.zaxxer.hikari.HikariDataSource       : HikariPool-1 - Shutdown completed.
2023-03-27T00:40:54.542+05:30  INFO 78071 --- [main] SpringBootBackendServiceApplicationTests : Starting SpringBootBackendServiceApplicationTests using Java 19.0.2 with PID 78071 (started by tusharanand in /Users/tusharanand/MyProjects/SpringBoot_BackendService)
2023-03-27T00:40:54.543+05:30  INFO 78071 --- [main] SpringBootBackendServiceApplicationTests : No active profile set, falling back to 1 default profile: "default"
2023-03-27T00:40:55.354+05:30  INFO 78071 --- [main] .s.d.r.c.RepositoryConfigurationDelegate : Bootstrapping Spring Data JPA repositories in DEFAULT mode.
2023-03-27T00:40:55.413+05:30  INFO 78071 --- [main] .s.d.r.c.RepositoryConfigurationDelegate : Finished Spring Data repository scanning in 41 ms. Found 1 JPA repository interfaces.
2023-03-27T00:40:55.972+05:30  INFO 78071 --- [main] o.hibernate.jpa.internal.util.LogHelper  : HHH000204: Processing PersistenceUnitInfo [name: default]
2023-03-27T00:40:56.038+05:30  INFO 78071 --- [main] org.hibernate.Version                    : HHH000412: Hibernate ORM core version 6.1.7.Final
2023-03-27T00:40:56.326+05:30  INFO 78071 --- [main] com.zaxxer.hikari.HikariDataSource       : HikariPool-1 - Starting...
2023-03-27T00:40:56.431+05:30  INFO 78071 --- [main] com.zaxxer.hikari.pool.HikariPool        : HikariPool-1 - Added connection org.postgresql.jdbc.PgConnection@7337bd2e
2023-03-27T00:40:56.432+05:30  INFO 78071 --- [main] com.zaxxer.hikari.HikariDataSource       : HikariPool-1 - Start completed.
2023-03-27T00:40:56.459+05:30  INFO 78071 --- [main] SQL dialect                              : HHH000400: Using dialect: org.hibernate.dialect.PostgreSQLDialect
2023-03-27T00:40:57.109+05:30  INFO 78071 --- [main] o.h.e.t.j.p.i.JtaPlatformInitiator       : HHH000490: Using JtaPlatform implementation: [org.hibernate.engine.transaction.jta.platform.internal.NoJtaPlatform]
2023-03-27T00:40:57.117+05:30  INFO 78071 --- [main] j.LocalContainerEntityManagerFactoryBean : Initialized JPA EntityManagerFactory for persistence unit 'default'
2023-03-27T00:40:57.532+05:30  WARN 78071 --- [main] JpaBaseConfiguration$JpaWebConfiguration : spring.jpa.open-in-view is enabled by default. Therefore, database queries may be performed during view rendering. Explicitly configure spring.jpa.open-in-view to disable this warning
2023-03-27T00:40:57.812+05:30  INFO 78071 --- [main] SpringBootBackendServiceApplicationTests : Started SpringBootBackendServiceApplicationTests in 3.526 seconds (process running for 4.379)
2023-03-27T00:40:58.016+05:30  INFO 78071 --- [SpringApplicationShutdownHook] j.LocalContainerEntityManagerFactoryBean : Closing JPA EntityManagerFactory for persistence unit 'default'
2023-03-27T00:40:58.018+05:30  INFO 78071 --- [SpringApplicationShutdownHook] com.zaxxer.hikari.HikariDataSource       : HikariPool-1 - Shutdown initiated...
2023-03-27T00:40:58.022+05:30  INFO 78071 --- [SpringApplicationShutdownHook] com.zaxxer.hikari.HikariDataSource       : HikariPool-1 - Shutdown completed.
2023-03-27T00:41:20.242+05:30  INFO 78100 --- [main] SpringBootBackendServiceApplicationTests : Starting SpringBootBackendServiceApplicationTests using Java 19.0.2 with PID 78100 (started by tusharanand in /Users/tusharanand/MyProjects/SpringBoot_BackendService)
2023-03-27T00:41:20.244+05:30  INFO 78100 --- [main] SpringBootBackendServiceApplicationTests : No active profile set, falling back to 1 default profile: "default"
2023-03-27T00:41:20.928+05:30  INFO 78100 --- [main] .s.d.r.c.RepositoryConfigurationDelegate : Bootstrapping Spring Data JPA repositories in DEFAULT mode.
2023-03-27T00:41:20.974+05:30  INFO 78100 --- [main] .s.d.r.c.RepositoryConfigurationDelegate : Finished Spring Data repository scanning in 34 ms. Found 1 JPA repository interfaces.
2023-03-27T00:41:21.516+05:30  INFO 78100 --- [main] o.hibernate.jpa.internal.util.LogHelper  : HHH000204: Processing PersistenceUnitInfo [name: default]
2023-03-27T00:41:21.567+05:30  INFO 78100 --- [main] org.hibernate.Version                    : HHH000412: Hibernate ORM core version 6.1.7.Final
2023-03-27T00:41:21.845+05:30  INFO 78100 --- [main] com.zaxxer.hikari.HikariDataSource       : HikariPool-1 - Starting...
2023-03-27T00:41:21.940+05:30  INFO 78100 --- [main] com.zaxxer.hikari.pool.HikariPool        : HikariPool-1 - Added connection org.postgresql.jdbc.PgConnection@1013871e
2023-03-27T00:41:21.941+05:30  INFO 78100 --- [main] com.zaxxer.hikari.HikariDataSource       : HikariPool-1 - Start completed.
2023-03-27T00:41:21.967+05:30  INFO 78100 --- [main] SQL dialect                              : HHH000400: Using dialect: org.hibernate.dialect.PostgreSQLDialect
2023-03-27T00:41:22.677+05:30  INFO 78100 --- [main] o.h.e.t.j.p.i.JtaPlatformInitiator       : HHH000490: Using JtaPlatform implementation: [org.hibernate.engine.transaction.jta.platform.internal.NoJtaPlatform]
2023-03-27T00:41:22.684+05:30  INFO 78100 --- [main] j.LocalContainerEntityManagerFactoryBean : Initialized JPA EntityManagerFactory for persistence unit 'default'
2023-03-27T00:41:23.108+05:30  WARN 78100 --- [main] JpaBaseConfiguration$JpaWebConfiguration : spring.jpa.open-in-view is enabled by default. Therefore, database queries may be performed during view rendering. Explicitly configure spring.jpa.open-in-view to disable this warning
2023-03-27T00:41:23.397+05:30  INFO 78100 --- [main] SpringBootBackendServiceApplicationTests : Started SpringBootBackendServiceApplicationTests in 3.39 seconds (process running for 4.294)
2023-03-27T00:41:23.578+05:30  INFO 78100 --- [SpringApplicationShutdownHook] j.LocalContainerEntityManagerFactoryBean : Closing JPA EntityManagerFactory for persistence unit 'default'
2023-03-27T00:41:23.580+05:30  INFO 78100 --- [SpringApplicationShutdownHook] com.zaxxer.hikari.HikariDataSource       : HikariPool-1 - Shutdown initiated...
2023-03-27T00:41:23.584+05:30  INFO 78100 --- [SpringApplicationShutdownHook] com.zaxxer.hikari.HikariDataSource       : HikariPool-1 - Shutdown completed.
2023-03-27T01:24:22.300+05:30  INFO 78796 --- [main] SpringBootBackendServiceApplicationTests : Starting SpringBootBackendServiceApplicationTests using Java 19.0.2 with PID 78796 (started by tusharanand in /Users/tusharanand/MyProjects/SpringBoot_BackendService)
2023-03-27T01:24:22.302+05:30  INFO 78796 --- [main] SpringBootBackendServiceApplicationTests : No active profile set, falling back to 1 default profile: "default"
2023-03-27T01:24:23.087+05:30  INFO 78796 --- [main] .s.d.r.c.RepositoryConfigurationDelegate : Bootstrapping Spring Data JPA repositories in DEFAULT mode.
2023-03-27T01:24:23.138+05:30  INFO 78796 --- [main] .s.d.r.c.RepositoryConfigurationDelegate : Finished Spring Data repository scanning in 40 ms. Found 1 JPA repository interfaces.
2023-03-27T01:24:24.206+05:30  INFO 78796 --- [main] o.hibernate.jpa.internal.util.LogHelper  : HHH000204: Processing PersistenceUnitInfo [name: default]
2023-03-27T01:24:24.262+05:30  INFO 78796 --- [main] org.hibernate.Version                    : HHH000412: Hibernate ORM core version 6.1.7.Final
2023-03-27T01:24:24.455+05:30  INFO 78796 --- [main] com.zaxxer.hikari.HikariDataSource       : HikariPool-1 - Starting...
2023-03-27T01:24:24.558+05:30  INFO 78796 --- [main] com.zaxxer.hikari.pool.HikariPool        : HikariPool-1 - Added connection org.postgresql.jdbc.PgConnection@8e00c02
2023-03-27T01:24:24.559+05:30  INFO 78796 --- [main] com.zaxxer.hikari.HikariDataSource       : HikariPool-1 - Start completed.
2023-03-27T01:24:24.589+05:30  INFO 78796 --- [main] SQL dialect                              : HHH000400: Using dialect: org.hibernate.dialect.PostgreSQLDialect
2023-03-27T01:24:25.172+05:30  INFO 78796 --- [main] o.h.e.t.j.p.i.JtaPlatformInitiator       : HHH000490: Using JtaPlatform implementation: [org.hibernate.engine.transaction.jta.platform.internal.NoJtaPlatform]
2023-03-27T01:24:25.180+05:30  INFO 78796 --- [main] j.LocalContainerEntityManagerFactoryBean : Initialized JPA EntityManagerFactory for persistence unit 'default'
2023-03-27T01:24:25.638+05:30  WARN 78796 --- [main] JpaBaseConfiguration$JpaWebConfiguration : spring.jpa.open-in-view is enabled by default. Therefore, database queries may be performed during view rendering. Explicitly configure spring.jpa.open-in-view to disable this warning
2023-03-27T01:24:25.942+05:30  INFO 78796 --- [main] SpringBootBackendServiceApplicationTests : Started SpringBootBackendServiceApplicationTests in 3.929 seconds (process running for 5.937)
2023-03-27T01:24:25.992+05:30  INFO 78796 --- [main] c.s.dev.controller.LibraryController     : Meesage
2023-03-27T01:24:26.017+05:30  INFO 78796 --- [SpringApplicationShutdownHook] j.LocalContainerEntityManagerFactoryBean : Closing JPA EntityManagerFactory for persistence unit 'default'
2023-03-27T01:24:26.020+05:30  INFO 78796 --- [SpringApplicationShutdownHook] com.zaxxer.hikari.HikariDataSource       : HikariPool-1 - Shutdown initiated...
2023-03-27T01:24:26.024+05:30  INFO 78796 --- [SpringApplicationShutdownHook] com.zaxxer.hikari.HikariDataSource       : HikariPool-1 - Shutdown completed.
2023-03-27T01:24:40.210+05:30  INFO 78814 --- [main] SpringBootBackendServiceApplicationTests : Starting SpringBootBackendServiceApplicationTests using Java 19.0.2 with PID 78814 (started by tusharanand in /Users/tusharanand/MyProjects/SpringBoot_BackendService)
2023-03-27T01:24:40.212+05:30  INFO 78814 --- [main] SpringBootBackendServiceApplicationTests : No active profile set, falling back to 1 default profile: "default"
2023-03-27T01:24:40.901+05:30  INFO 78814 --- [main] .s.d.r.c.RepositoryConfigurationDelegate : Bootstrapping Spring Data JPA repositories in DEFAULT mode.
2023-03-27T01:24:40.945+05:30  INFO 78814 --- [main] .s.d.r.c.RepositoryConfigurationDelegate : Finished Spring Data repository scanning in 35 ms. Found 1 JPA repository interfaces.
2023-03-27T01:24:41.823+05:30  INFO 78814 --- [main] o.hibernate.jpa.internal.util.LogHelper  : HHH000204: Processing PersistenceUnitInfo [name: default]
2023-03-27T01:24:41.860+05:30  INFO 78814 --- [main] org.hibernate.Version                    : HHH000412: Hibernate ORM core version 6.1.7.Final
2023-03-27T01:24:42.009+05:30  INFO 78814 --- [main] com.zaxxer.hikari.HikariDataSource       : HikariPool-1 - Starting...
2023-03-27T01:24:42.098+05:30  INFO 78814 --- [main] com.zaxxer.hikari.pool.HikariPool        : HikariPool-1 - Added connection org.postgresql.jdbc.PgConnection@8e00c02
2023-03-27T01:24:42.100+05:30  INFO 78814 --- [main] com.zaxxer.hikari.HikariDataSource       : HikariPool-1 - Start completed.
2023-03-27T01:24:42.122+05:30  INFO 78814 --- [main] SQL dialect                              : HHH000400: Using dialect: org.hibernate.dialect.PostgreSQLDialect
2023-03-27T01:24:42.605+05:30  INFO 78814 --- [main] o.h.e.t.j.p.i.JtaPlatformInitiator       : HHH000490: Using JtaPlatform implementation: [org.hibernate.engine.transaction.jta.platform.internal.NoJtaPlatform]
2023-03-27T01:24:42.612+05:30  INFO 78814 --- [main] j.LocalContainerEntityManagerFactoryBean : Initialized JPA EntityManagerFactory for persistence unit 'default'
2023-03-27T01:24:42.991+05:30  WARN 78814 --- [main] JpaBaseConfiguration$JpaWebConfiguration : spring.jpa.open-in-view is enabled by default. Therefore, database queries may be performed during view rendering. Explicitly configure spring.jpa.open-in-view to disable this warning
2023-03-27T01:24:43.262+05:30  INFO 78814 --- [main] SpringBootBackendServiceApplicationTests : Started SpringBootBackendServiceApplicationTests in 3.329 seconds (process running for 4.321)
2023-03-27T01:24:43.302+05:30  INFO 78814 --- [main] c.s.dev.controller.LibraryController     : Meesage
2023-03-27T01:24:43.327+05:30  INFO 78814 --- [SpringApplicationShutdownHook] j.LocalContainerEntityManagerFactoryBean : Closing JPA EntityManagerFactory for persistence unit 'default'
2023-03-27T01:24:43.329+05:30  INFO 78814 --- [SpringApplicationShutdownHook] com.zaxxer.hikari.HikariDataSource       : HikariPool-1 - Shutdown initiated...
2023-03-27T01:24:43.335+05:30  INFO 78814 --- [SpringApplicationShutdownHook] com.zaxxer.hikari.HikariDataSource       : HikariPool-1 - Shutdown completed.
2023-03-27T01:35:24.192+05:30  INFO 79016 --- [main] SpringBootBackendServiceApplicationTests : Starting SpringBootBackendServiceApplicationTests using Java 19.0.2 with PID 79016 (started by tusharanand in /Users/tusharanand/MyProjects/SpringBoot_BackendService)
2023-03-27T01:35:24.194+05:30  INFO 79016 --- [main] SpringBootBackendServiceApplicationTests : No active profile set, falling back to 1 default profile: "default"
2023-03-27T01:35:24.978+05:30  INFO 79016 --- [main] .s.d.r.c.RepositoryConfigurationDelegate : Bootstrapping Spring Data JPA repositories in DEFAULT mode.
2023-03-27T01:35:25.033+05:30  INFO 79016 --- [main] .s.d.r.c.RepositoryConfigurationDelegate : Finished Spring Data repository scanning in 43 ms. Found 1 JPA repository interfaces.
2023-03-27T01:35:26.053+05:30  INFO 79016 --- [main] o.hibernate.jpa.internal.util.LogHelper  : HHH000204: Processing PersistenceUnitInfo [name: default]
2023-03-27T01:35:26.108+05:30  INFO 79016 --- [main] org.hibernate.Version                    : HHH000412: Hibernate ORM core version 6.1.7.Final
2023-03-27T01:35:26.290+05:30  INFO 79016 --- [main] com.zaxxer.hikari.HikariDataSource       : HikariPool-1 - Starting...
2023-03-27T01:35:26.391+05:30  INFO 79016 --- [main] com.zaxxer.hikari.pool.HikariPool        : HikariPool-1 - Added connection org.postgresql.jdbc.PgConnection@8e00c02
2023-03-27T01:35:26.393+05:30  INFO 79016 --- [main] com.zaxxer.hikari.HikariDataSource       : HikariPool-1 - Start completed.
2023-03-27T01:35:26.422+05:30  INFO 79016 --- [main] SQL dialect                              : HHH000400: Using dialect: org.hibernate.dialect.PostgreSQLDialect
2023-03-27T01:35:27.007+05:30  INFO 79016 --- [main] o.h.e.t.j.p.i.JtaPlatformInitiator       : HHH000490: Using JtaPlatform implementation: [org.hibernate.engine.transaction.jta.platform.internal.NoJtaPlatform]
2023-03-27T01:35:27.016+05:30  INFO 79016 --- [main] j.LocalContainerEntityManagerFactoryBean : Initialized JPA EntityManagerFactory for persistence unit 'default'
2023-03-27T01:35:27.442+05:30  WARN 79016 --- [main] JpaBaseConfiguration$JpaWebConfiguration : spring.jpa.open-in-view is enabled by default. Therefore, database queries may be performed during view rendering. Explicitly configure spring.jpa.open-in-view to disable this warning
2023-03-27T01:35:27.717+05:30  INFO 79016 --- [main] SpringBootBackendServiceApplicationTests : Started SpringBootBackendServiceApplicationTests in 3.815 seconds (process running for 4.882)
2023-03-27T01:35:27.759+05:30  INFO 79016 --- [main] c.s.dev.controller.LibraryController     : Meesage
2023-03-27T01:35:27.779+05:30  INFO 79016 --- [SpringApplicationShutdownHook] j.LocalContainerEntityManagerFactoryBean : Closing JPA EntityManagerFactory for persistence unit 'default'
2023-03-27T01:35:27.781+05:30  INFO 79016 --- [SpringApplicationShutdownHook] com.zaxxer.hikari.HikariDataSource       : HikariPool-1 - Shutdown initiated...
2023-03-27T01:35:27.786+05:30  INFO 79016 --- [SpringApplicationShutdownHook] com.zaxxer.hikari.HikariDataSource       : HikariPool-1 - Shutdown completed.
2023-03-27T01:35:39.075+05:30  INFO 79041 --- [main] SpringBootBackendServiceApplicationTests : Starting SpringBootBackendServiceApplicationTests using Java 19.0.2 with PID 79041 (started by tusharanand in /Users/tusharanand/MyProjects/SpringBoot_BackendService)
2023-03-27T01:35:39.076+05:30  INFO 79041 --- [main] SpringBootBackendServiceApplicationTests : No active profile set, falling back to 1 default profile: "default"
2023-03-27T01:35:39.812+05:30  INFO 79041 --- [main] .s.d.r.c.RepositoryConfigurationDelegate : Bootstrapping Spring Data JPA repositories in DEFAULT mode.
2023-03-27T01:35:39.862+05:30  INFO 79041 --- [main] .s.d.r.c.RepositoryConfigurationDelegate : Finished Spring Data repository scanning in 40 ms. Found 1 JPA repository interfaces.
2023-03-27T01:35:40.764+05:30  INFO 79041 --- [main] o.hibernate.jpa.internal.util.LogHelper  : HHH000204: Processing PersistenceUnitInfo [name: default]
2023-03-27T01:35:40.801+05:30  INFO 79041 --- [main] org.hibernate.Version                    : HHH000412: Hibernate ORM core version 6.1.7.Final
2023-03-27T01:35:40.948+05:30  INFO 79041 --- [main] com.zaxxer.hikari.HikariDataSource       : HikariPool-1 - Starting...
2023-03-27T01:35:41.035+05:30  INFO 79041 --- [main] com.zaxxer.hikari.pool.HikariPool        : HikariPool-1 - Added connection org.postgresql.jdbc.PgConnection@6d0a4a22
2023-03-27T01:35:41.036+05:30  INFO 79041 --- [main] com.zaxxer.hikari.HikariDataSource       : HikariPool-1 - Start completed.
2023-03-27T01:35:41.058+05:30  INFO 79041 --- [main] SQL dialect                              : HHH000400: Using dialect: org.hibernate.dialect.PostgreSQLDialect
2023-03-27T01:35:41.532+05:30  INFO 79041 --- [main] o.h.e.t.j.p.i.JtaPlatformInitiator       : HHH000490: Using JtaPlatform implementation: [org.hibernate.engine.transaction.jta.platform.internal.NoJtaPlatform]
2023-03-27T01:35:41.539+05:30  INFO 79041 --- [main] j.LocalContainerEntityManagerFactoryBean : Initialized JPA EntityManagerFactory for persistence unit 'default'
2023-03-27T01:35:41.927+05:30  WARN 79041 --- [main] JpaBaseConfiguration$JpaWebConfiguration : spring.jpa.open-in-view is enabled by default. Therefore, database queries may be performed during view rendering. Explicitly configure spring.jpa.open-in-view to disable this warning
2023-03-27T01:35:42.192+05:30  INFO 79041 --- [main] SpringBootBackendServiceApplicationTests : Started SpringBootBackendServiceApplicationTests in 3.4 seconds (process running for 4.338)
2023-03-27T01:35:42.232+05:30  INFO 79041 --- [main] c.s.dev.controller.LibraryController     : Meesage
2023-03-27T01:35:42.254+05:30  INFO 79041 --- [SpringApplicationShutdownHook] j.LocalContainerEntityManagerFactoryBean : Closing JPA EntityManagerFactory for persistence unit 'default'
2023-03-27T01:35:42.256+05:30  INFO 79041 --- [SpringApplicationShutdownHook] com.zaxxer.hikari.HikariDataSource       : HikariPool-1 - Shutdown initiated...
2023-03-27T01:35:42.262+05:30  INFO 79041 --- [SpringApplicationShutdownHook] com.zaxxer.hikari.HikariDataSource       : HikariPool-1 - Shutdown completed.
